# JRE version: OpenJDK Runtime Environment (8.0_41-b04) (build 1.8.0_41-b04)
# Java VM: OpenJDK Client VM (25.40-b25 mixed mode windows-x86 )
Heap:
 def new generation   total 9792K, used 6347K [0x04600000, 0x050a0000, 0x09b50000)
  eden space 8704K,  60% used [0x04600000, 0x04b22ca8, 0x04e80000)
  from space 1088K, 100% used [0x04f90000, 0x050a0000, 0x050a0000)
  to   space 1088K,   0% used [0x04e80000, 0x04e80000, 0x04f90000)
 tenured generation   total 21712K, used 19991K [0x09b50000, 0x0b084000, 0x14600000)
   the space 21712K,  92% used [0x09b50000, 0x0aed5d08, 0x0aed5e00, 0x0b084000)
 Metaspace       used 33303K, capacity 35195K, committed 35200K, reserved 35200K
GC Heap History (10 events):
Event: 3.714 GC heap before
{Heap before GC invocations=115 (full 3):
 def new generation   total 9792K, used 9791K [0x04600000, 0x050a0000, 0x09b50000)
  eden space 8704K, 100% used [0x04600000, 0x04e80000, 0x04e80000)
  from space 1088K,  99% used [0x04e80000, 0x04f8fff8, 0x04f90000)
  to   space 1088K,   0% used [0x04f90000, 0x04f90000, 0x050a0000)
 tenured generation   total 21712K, used 16741K [0x09b50000, 0x0b084000, 0x14600000)
   the space 21712K,  77% used [0x09b50000, 0x0aba96a8, 0x0aba9800, 0x0b084000)
 Metaspace       used 31590K, capacity 33310K, committed 33408K, reserved 34176K
Event: 3.719 GC heap after
Heap after GC invocations=116 (full 3):
 def new generation   total 9792K, used 922K [0x04600000, 0x050a0000, 0x09b50000)
  eden space 8704K,   0% used [0x04600000, 0x04600000, 0x04e80000)
  from space 1088K,  84% used [0x04f90000, 0x05076ab0, 0x050a0000)
  to   space 1088K,   0% used [0x04e80000, 0x04e80000, 0x04f90000)
 tenured generation   total 21712K, used 17797K [0x09b50000, 0x0b084000, 0x14600000)
   the space 21712K,  81% used [0x09b50000, 0x0acb1748, 0x0acb1800, 0x0b084000)
 Metaspace       used 31590K, capacity 33310K, committed 33408K, reserved 34176K
}
Event: 3.767 GC heap before
{Heap before GC invocations=116 (full 3):
 def new generation   total 9792K, used 9626K [0x04600000, 0x050a0000, 0x09b50000)
  eden space 8704K, 100% used [0x04600000, 0x04e80000, 0x04e80000)
  from space 1088K,  84% used [0x04f90000, 0x05076ab0, 0x050a0000)
  to   space 1088K,   0% used [0x04e80000, 0x04e80000, 0x04f90000)
 tenured generation   total 21712K, used 17797K [0x09b50000, 0x0b084000, 0x14600000)
   the space 21712K,  81% used [0x09b50000, 0x0acb1748, 0x0acb1800, 0x0b084000)
 Metaspace       used 31887K, capacity 33623K, committed 33664K, reserved 34176K
Event: 3.771 GC heap after
Heap after GC invocations=117 (full 3):
 def new generation   total 9792K, used 773K [0x04600000, 0x050a0000, 0x09b50000)
  eden space 8704K,   0% used [0x04600000, 0x04600000, 0x04e80000)
  from space 1088K,  71% used [0x04e80000, 0x04f416a8, 0x04f90000)
  to   space 1088K,   0% used [0x04f90000, 0x04f90000, 0x050a0000)
 tenured generation   total 21712K, used 18255K [0x09b50000, 0x0b084000, 0x14600000)
   the space 21712K,  84% used [0x09b50000, 0x0ad23e28, 0x0ad24000, 0x0b084000)
 Metaspace       used 31887K, capacity 33623K, committed 33664K, reserved 34176K
}
Event: 3.833 GC heap before
{Heap before GC invocations=117 (full 3):
 def new generation   total 9792K, used 9477K [0x04600000, 0x050a0000, 0x09b50000)
  eden space 8704K, 100% used [0x04600000, 0x04e80000, 0x04e80000)
  from space 1088K,  71% used [0x04e80000, 0x04f416a8, 0x04f90000)
  to   space 1088K,   0% used [0x04f90000, 0x04f90000, 0x050a0000)
 tenured generation   total 21712K, used 18255K [0x09b50000, 0x0b084000, 0x14600000)
   the space 21712K,  84% used [0x09b50000, 0x0ad23e28, 0x0ad24000, 0x0b084000)
 Metaspace       used 32233K, capacity 34014K, committed 34048K, reserved 34176K
Event: 3.836 GC heap after
Heap after GC invocations=118 (full 3):
 def new generation   total 9792K, used 780K [0x04600000, 0x050a0000, 0x09b50000)
  eden space 8704K,   0% used [0x04600000, 0x04600000, 0x04e80000)
  from space 1088K,  71% used [0x04f90000, 0x050533e0, 0x050a0000)
  to   space 1088K,   0% used [0x04e80000, 0x04e80000, 0x04f90000)
 tenured generation   total 21712K, used 18623K [0x09b50000, 0x0b084000, 0x14600000)
   the space 21712K,  85% used [0x09b50000, 0x0ad7fe20, 0x0ad80000, 0x0b084000)
 Metaspace       used 32233K, capacity 34014K, committed 34048K, reserved 34176K
}
Event: 3.894 GC heap before
{Heap before GC invocations=118 (full 3):
 def new generation   total 9792K, used 9484K [0x04600000, 0x050a0000, 0x09b50000)
  eden space 8704K, 100% used [0x04600000, 0x04e80000, 0x04e80000)
  from space 1088K,  71% used [0x04f90000, 0x050533e0, 0x050a0000)
  to   space 1088K,   0% used [0x04e80000, 0x04e80000, 0x04f90000)
 tenured generation   total 21712K, used 18623K [0x09b50000, 0x0b084000, 0x14600000)
   the space 21712K,  85% used [0x09b50000, 0x0ad7fe20, 0x0ad80000, 0x0b084000)
 Metaspace       used 32408K, capacity 34214K, committed 34304K, reserved 35200K
Event: 3.899 GC heap after
Heap after GC invocations=119 (full 3):
 def new generation   total 9792K, used 791K [0x04600000, 0x050a0000, 0x09b50000)
  eden space 8704K,   0% used [0x04600000, 0x04600000, 0x04e80000)
  from space 1088K,  72% used [0x04e80000, 0x04f45ca8, 0x04f90000)
  to   space 1088K,   0% used [0x04f90000, 0x04f90000, 0x050a0000)
 tenured generation   total 21712K, used 18984K [0x09b50000, 0x0b084000, 0x14600000)
   the space 21712K,  87% used [0x09b50000, 0x0adda148, 0x0adda200, 0x0b084000)
 Metaspace       used 32408K, capacity 34214K, committed 34304K, reserved 35200K
}
Event: 3.979 GC heap before
{Heap before GC invocations=119 (full 3):
 def new generation   total 9792K, used 9495K [0x04600000, 0x050a0000, 0x09b50000)
  eden space 8704K, 100% used [0x04600000, 0x04e80000, 0x04e80000)
  from space 1088K,  72% used [0x04e80000, 0x04f45ca8, 0x04f90000)
  to   space 1088K,   0% used [0x04f90000, 0x04f90000, 0x050a0000)
 tenured generation   total 21712K, used 18984K [0x09b50000, 0x0b084000, 0x14600000)
   the space 21712K,  87% used [0x09b50000, 0x0adda148, 0x0adda200, 0x0b084000)
 Metaspace       used 33067K, capacity 34939K, committed 34944K, reserved 35200K
Event: 3.985 GC heap after
Heap after GC invocations=120 (full 3):
 def new generation   total 9792K, used 1088K [0x04600000, 0x050a0000, 0x09b50000)
  eden space 8704K,   0% used [0x04600000, 0x04600000, 0x04e80000)
  from space 1088K, 100% used [0x04f90000, 0x050a0000, 0x050a0000)
  to   space 1088K,   0% used [0x04e80000, 0x04e80000, 0x04f90000)
 tenured generation   total 21712K, used 19991K [0x09b50000, 0x0b084000, 0x14600000)
   the space 21712K,  92% used [0x09b50000, 0x0aed5d08, 0x0aed5e00, 0x0b084000)
 Metaspace       used 33067K, capacity 34939K, committed 34944K, reserved 35200K
}

